# Bad spawns : 2/17/2013 3:00:16 PM
# Format: X Y Z F Name

4551	2320	-2	Trammel	boatpainter
4569	2304	-2	Trammel	dockmaster
4547	2321	-2	Trammel	bodysculptor
4547	2321	-2	Felucca	bodysculptor
4569	2304	-2	Felucca	dockmaster
4551	2320	-2	Felucca	boatpainter
992	337	9	TerMur	DevourerRenowned
982	491	-12	TerMur	RakktaviRenowned
919	502	-12	TerMur	VitaviRenowned
949	555	-14	TerMur	TikitaviRenowned
974	161	-11	TerMur	FireElementalRenowned
581	815	-45	TerMur	GrayGoblinMageRenowned
581	815	-45	TerMur	GreenGoblinAlchemistRenowned
526	766	-92	TerMur	FireDaemonRenowned
536	657	8	TerMur	AncientLichRenowned
601	905	-60	TerMur	FireDaemonRenowned
684	579	-15	TerMur	AcidElementalRenowned
440	708	24	TerMur	PixieRenowned
674	828	-109	TerMur	SkeletalDragonRenowned
887	277	3	TerMur	FairyDragon
887	277	3	TerMur	WyvernRenowned
762	3073	105	TerMur	FeralTreefellow
917	3088	37	TerMur	FeralTreefellow
839	3086	83	TerMur	FeralTreefellow
1128	1165	-12	TerMur	Garamon
1121	1132	-42	TerMur	FiddlingTobin
1150	963	-43	TerMur	NevilleBrightwhistle
1089	1128	-42	TerMur	Gretchen
1104	1128	-52	TerMur	ElderDugan
1135	1132	-42	TerMur	QuartermasterFlint
1204	1041	-42	TerMur	Jaacar
1189	989	-27	TerMur	Barreraak
1014	1000	-43	TerMur	Xenrr
1015	976	-27	TerMur	Vernix


# Bad spawns : 2/17/2013 3:08:03 PM
# Format: X Y Z F Name

4551	2320	-2	Trammel	boatpainter
4569	2304	-2	Trammel	dockmaster
4547	2321	-2	Trammel	bodysculptor
4547	2321	-2	Felucca	bodysculptor
4569	2304	-2	Felucca	dockmaster
4551	2320	-2	Felucca	boatpainter
992	337	9	TerMur	DevourerRenowned
982	491	-12	TerMur	RakktaviRenowned
919	502	-12	TerMur	VitaviRenowned
949	555	-14	TerMur	TikitaviRenowned
974	161	-11	TerMur	FireElementalRenowned
581	815	-45	TerMur	GrayGoblinMageRenowned
581	815	-45	TerMur	GreenGoblinAlchemistRenowned
526	766	-92	TerMur	FireDaemonRenowned
536	657	8	TerMur	AncientLichRenowned
601	905	-60	TerMur	FireDaemonRenowned
684	579	-15	TerMur	AcidElementalRenowned
440	708	24	TerMur	PixieRenowned
674	828	-109	TerMur	SkeletalDragonRenowned
887	277	3	TerMur	FairyDragon
887	277	3	TerMur	WyvernRenowned
762	3073	105	TerMur	FeralTreefellow
917	3088	37	TerMur	FeralTreefellow
839	3086	83	TerMur	FeralTreefellow
1128	1165	-12	TerMur	Garamon
1121	1132	-42	TerMur	FiddlingTobin
1150	963	-43	TerMur	NevilleBrightwhistle
1089	1128	-42	TerMur	Gretchen
1104	1128	-52	TerMur	ElderDugan
1135	1132	-42	TerMur	QuartermasterFlint
1204	1041	-42	TerMur	Jaacar
1189	989	-27	TerMur	Barreraak
1014	1000	-43	TerMur	Xenrr
1015	976	-27	TerMur	Vernix


# Bad spawns : 2/17/2013 5:53:55 PM
# Format: X Y Z F Name

4551	2320	-2	Trammel	boatpainter
4569	2304	-2	Trammel	dockmaster
4547	2321	-2	Trammel	bodysculptor
4547	2321	-2	Felucca	bodysculptor
4569	2304	-2	Felucca	dockmaster
4551	2320	-2	Felucca	boatpainter
992	337	9	TerMur	DevourerRenowned
982	491	-12	TerMur	RakktaviRenowned
919	502	-12	TerMur	VitaviRenowned
949	555	-14	TerMur	TikitaviRenowned
974	161	-11	TerMur	FireElementalRenowned
581	815	-45	TerMur	GrayGoblinMageRenowned
581	815	-45	TerMur	GreenGoblinAlchemistRenowned
526	766	-92	TerMur	FireDaemonRenowned
536	657	8	TerMur	AncientLichRenowned
601	905	-60	TerMur	FireDaemonRenowned
684	579	-15	TerMur	AcidElementalRenowned
440	708	24	TerMur	PixieRenowned
674	828	-109	TerMur	SkeletalDragonRenowned
887	277	3	TerMur	FairyDragon
887	277	3	TerMur	WyvernRenowned
762	3073	105	TerMur	FeralTreefellow
917	3088	37	TerMur	FeralTreefellow
839	3086	83	TerMur	FeralTreefellow
1128	1165	-12	TerMur	Garamon
1121	1132	-42	TerMur	FiddlingTobin
1150	963	-43	TerMur	NevilleBrightwhistle
1089	1128	-42	TerMur	Gretchen
1104	1128	-52	TerMur	ElderDugan
1135	1132	-42	TerMur	QuartermasterFlint
1204	1041	-42	TerMur	Jaacar
1189	989	-27	TerMur	Barreraak
1014	1000	-43	TerMur	Xenrr
1015	976	-27	TerMur	Vernix


# Bad spawns : 2/17/2013 7:13:02 PM
# Format: X Y Z F Name

4551	2320	-2	Trammel	boatpainter
4569	2304	-2	Trammel	dockmaster
4547	2321	-2	Trammel	bodysculptor
4547	2321	-2	Felucca	bodysculptor
4569	2304	-2	Felucca	dockmaster
4551	2320	-2	Felucca	boatpainter
992	337	9	TerMur	DevourerRenowned
982	491	-12	TerMur	RakktaviRenowned
919	502	-12	TerMur	VitaviRenowned
949	555	-14	TerMur	TikitaviRenowned
974	161	-11	TerMur	FireElementalRenowned
581	815	-45	TerMur	GrayGoblinMageRenowned
581	815	-45	TerMur	GreenGoblinAlchemistRenowned
526	766	-92	TerMur	FireDaemonRenowned
536	657	8	TerMur	AncientLichRenowned
601	905	-60	TerMur	FireDaemonRenowned
684	579	-15	TerMur	AcidElementalRenowned
440	708	24	TerMur	PixieRenowned
674	828	-109	TerMur	SkeletalDragonRenowned
887	277	3	TerMur	FairyDragon
887	277	3	TerMur	WyvernRenowned
762	3073	105	TerMur	FeralTreefellow
917	3088	37	TerMur	FeralTreefellow
839	3086	83	TerMur	FeralTreefellow
1128	1165	-12	TerMur	Garamon
1121	1132	-42	TerMur	FiddlingTobin
1150	963	-43	TerMur	NevilleBrightwhistle
1089	1128	-42	TerMur	Gretchen
1104	1128	-52	TerMur	ElderDugan
1135	1132	-42	TerMur	QuartermasterFlint
1204	1041	-42	TerMur	Jaacar
1189	989	-27	TerMur	Barreraak
1014	1000	-43	TerMur	Xenrr
1015	976	-27	TerMur	Vernix


# Bad spawns : 2/17/2013 7:26:28 PM
# Format: X Y Z F Name

4551	2320	-2	Trammel	boatpainter
4569	2304	-2	Trammel	dockmaster
4547	2321	-2	Trammel	bodysculptor
4547	2321	-2	Felucca	bodysculptor
4569	2304	-2	Felucca	dockmaster
4551	2320	-2	Felucca	boatpainter
992	337	9	TerMur	DevourerRenowned
982	491	-12	TerMur	RakktaviRenowned
919	502	-12	TerMur	VitaviRenowned
949	555	-14	TerMur	TikitaviRenowned
974	161	-11	TerMur	FireElementalRenowned
581	815	-45	TerMur	GrayGoblinMageRenowned
581	815	-45	TerMur	GreenGoblinAlchemistRenowned
526	766	-92	TerMur	FireDaemonRenowned
536	657	8	TerMur	AncientLichRenowned
601	905	-60	TerMur	FireDaemonRenowned
684	579	-15	TerMur	AcidElementalRenowned
440	708	24	TerMur	PixieRenowned
674	828	-109	TerMur	SkeletalDragonRenowned
887	277	3	TerMur	FairyDragon
887	277	3	TerMur	WyvernRenowned
762	3073	105	TerMur	FeralTreefellow
917	3088	37	TerMur	FeralTreefellow
839	3086	83	TerMur	FeralTreefellow
1128	1165	-12	TerMur	Garamon
1121	1132	-42	TerMur	FiddlingTobin
1150	963	-43	TerMur	NevilleBrightwhistle
1089	1128	-42	TerMur	Gretchen
1104	1128	-52	TerMur	ElderDugan
1135	1132	-42	TerMur	QuartermasterFlint
1204	1041	-42	TerMur	Jaacar
1189	989	-27	TerMur	Barreraak
1014	1000	-43	TerMur	Xenrr
1015	976	-27	TerMur	Vernix


# Bad spawns : 2/17/2013 10:54:06 PM
# Format: X Y Z F Name

4551	2320	-2	Trammel	boatpainter
4569	2304	-2	Trammel	dockmaster
4547	2321	-2	Trammel	bodysculptor
4547	2321	-2	Felucca	bodysculptor
4569	2304	-2	Felucca	dockmaster
4551	2320	-2	Felucca	boatpainter
992	337	9	TerMur	DevourerRenowned
982	491	-12	TerMur	RakktaviRenowned
919	502	-12	TerMur	VitaviRenowned
949	555	-14	TerMur	TikitaviRenowned
974	161	-11	TerMur	FireElementalRenowned
581	815	-45	TerMur	GrayGoblinMageRenowned
581	815	-45	TerMur	GreenGoblinAlchemistRenowned
526	766	-92	TerMur	FireDaemonRenowned
536	657	8	TerMur	AncientLichRenowned
601	905	-60	TerMur	FireDaemonRenowned
684	579	-15	TerMur	AcidElementalRenowned
440	708	24	TerMur	PixieRenowned
674	828	-109	TerMur	SkeletalDragonRenowned
887	277	3	TerMur	FairyDragon
887	277	3	TerMur	WyvernRenowned
762	3073	105	TerMur	FeralTreefellow
917	3088	37	TerMur	FeralTreefellow
839	3086	83	TerMur	FeralTreefellow
1128	1165	-12	TerMur	Garamon
1121	1132	-42	TerMur	FiddlingTobin
1150	963	-43	TerMur	NevilleBrightwhistle
1089	1128	-42	TerMur	Gretchen
1104	1128	-52	TerMur	ElderDugan
1135	1132	-42	TerMur	QuartermasterFlint
1204	1041	-42	TerMur	Jaacar
1189	989	-27	TerMur	Barreraak
1014	1000	-43	TerMur	Xenrr
1015	976	-27	TerMur	Vernix


# Bad spawns : 2/17/2013 11:14:44 PM
# Format: X Y Z F Name

4551	2320	-2	Felucca	boatpainter
4569	2304	-2	Felucca	dockmaster
4547	2321	-2	Felucca	bodysculptor
4551	2320	-2	Trammel	boatpainter
4569	2304	-2	Trammel	dockmaster
4547	2321	-2	Trammel	bodysculptor
992	337	9	TerMur	DevourerRenowned
982	491	-12	TerMur	RakktaviRenowned
919	502	-12	TerMur	VitaviRenowned
949	555	-14	TerMur	TikitaviRenowned
974	161	-11	TerMur	FireElementalRenowned
581	815	-45	TerMur	GrayGoblinMageRenowned
581	815	-45	TerMur	GreenGoblinAlchemistRenowned
526	766	-92	TerMur	FireDaemonRenowned
536	657	8	TerMur	AncientLichRenowned
601	905	-60	TerMur	FireDaemonRenowned
684	579	-15	TerMur	AcidElementalRenowned
440	708	24	TerMur	PixieRenowned
674	828	-109	TerMur	SkeletalDragonRenowned
887	277	3	TerMur	FairyDragon
887	277	3	TerMur	WyvernRenowned
762	3073	105	TerMur	FeralTreefellow
917	3088	37	TerMur	FeralTreefellow
839	3086	83	TerMur	FeralTreefellow
1128	1165	-12	TerMur	Garamon
1121	1132	-42	TerMur	FiddlingTobin
1150	963	-43	TerMur	NevilleBrightwhistle
1089	1128	-42	TerMur	Gretchen
1104	1128	-52	TerMur	ElderDugan
1135	1132	-42	TerMur	QuartermasterFlint
1204	1041	-42	TerMur	Jaacar
1189	989	-27	TerMur	Barreraak
1014	1000	-43	TerMur	Xenrr
1015	976	-27	TerMur	Vernix


# Bad spawns : 2/17/2013 11:55:25 PM
# Format: X Y Z F Name

4551	2320	-2	Felucca	boatpainter
4569	2304	-2	Felucca	dockmaster
4547	2321	-2	Felucca	bodysculptor
4551	2320	-2	Trammel	boatpainter
4569	2304	-2	Trammel	dockmaster
4547	2321	-2	Trammel	bodysculptor
992	337	9	TerMur	DevourerRenowned
982	491	-12	TerMur	RakktaviRenowned
919	502	-12	TerMur	VitaviRenowned
949	555	-14	TerMur	TikitaviRenowned
974	161	-11	TerMur	FireElementalRenowned
581	815	-45	TerMur	GrayGoblinMageRenowned
581	815	-45	TerMur	GreenGoblinAlchemistRenowned
526	766	-92	TerMur	FireDaemonRenowned
536	657	8	TerMur	AncientLichRenowned
601	905	-60	TerMur	FireDaemonRenowned
684	579	-15	TerMur	AcidElementalRenowned
440	708	24	TerMur	PixieRenowned
674	828	-109	TerMur	SkeletalDragonRenowned
887	277	3	TerMur	FairyDragon
887	277	3	TerMur	WyvernRenowned
762	3073	105	TerMur	FeralTreefellow
917	3088	37	TerMur	FeralTreefellow
839	3086	83	TerMur	FeralTreefellow
1128	1165	-12	TerMur	Garamon
1121	1132	-42	TerMur	FiddlingTobin
1150	963	-43	TerMur	NevilleBrightwhistle
1089	1128	-42	TerMur	Gretchen
1104	1128	-52	TerMur	ElderDugan
1135	1132	-42	TerMur	QuartermasterFlint
1204	1041	-42	TerMur	Jaacar
1189	989	-27	TerMur	Barreraak
1014	1000	-43	TerMur	Xenrr
1015	976	-27	TerMur	Vernix


# Bad spawns : 2/18/2013 12:16:26 AM
# Format: X Y Z F Name

1015	976	-27	TerMur	Vernix
1014	1000	-43	TerMur	Xenrr
1204	1041	-42	TerMur	Jaacar
1189	989	-27	TerMur	Barreraak
1135	1132	-42	TerMur	QuartermasterFlint
1104	1128	-52	TerMur	ElderDugan
1089	1128	-42	TerMur	Gretchen
1150	963	-43	TerMur	NevilleBrightwhistle
1121	1132	-42	TerMur	FiddlingTobin
1128	1165	-12	TerMur	Garamon
839	3086	83	TerMur	FeralTreefellow
762	3073	105	TerMur	FeralTreefellow
917	3088	37	TerMur	FeralTreefellow
887	277	3	TerMur	FairyDragon
887	277	3	TerMur	WyvernRenowned
674	828	-109	TerMur	SkeletalDragonRenowned
684	579	-15	TerMur	AcidElementalRenowned
440	708	24	TerMur	PixieRenowned
601	905	-60	TerMur	FireDaemonRenowned
536	657	8	TerMur	AncientLichRenowned
526	766	-92	TerMur	FireDaemonRenowned
581	815	-45	TerMur	GrayGoblinMageRenowned
581	815	-45	TerMur	GreenGoblinAlchemistRenowned
974	161	-11	TerMur	FireElementalRenowned
949	555	-14	TerMur	TikitaviRenowned
919	502	-12	TerMur	VitaviRenowned
982	491	-12	TerMur	RakktaviRenowned
992	337	9	TerMur	DevourerRenowned
4569	2304	-2	Felucca	dockmaster
4551	2320	-2	Felucca	boatpainter
4547	2321	-2	Felucca	bodysculptor


# Bad spawns : 2/18/2013 12:19:52 AM
# Format: X Y Z F Name

1015	976	-27	TerMur	Vernix
1014	1000	-43	TerMur	Xenrr
1204	1041	-42	TerMur	Jaacar
1189	989	-27	TerMur	Barreraak
1135	1132	-42	TerMur	QuartermasterFlint
1104	1128	-52	TerMur	ElderDugan
1089	1128	-42	TerMur	Gretchen
1150	963	-43	TerMur	NevilleBrightwhistle
1121	1132	-42	TerMur	FiddlingTobin
1128	1165	-12	TerMur	Garamon
839	3086	83	TerMur	FeralTreefellow
762	3073	105	TerMur	FeralTreefellow
917	3088	37	TerMur	FeralTreefellow
887	277	3	TerMur	FairyDragon
887	277	3	TerMur	WyvernRenowned
674	828	-109	TerMur	SkeletalDragonRenowned
684	579	-15	TerMur	AcidElementalRenowned
440	708	24	TerMur	PixieRenowned
601	905	-60	TerMur	FireDaemonRenowned
536	657	8	TerMur	AncientLichRenowned
526	766	-92	TerMur	FireDaemonRenowned
581	815	-45	TerMur	GrayGoblinMageRenowned
581	815	-45	TerMur	GreenGoblinAlchemistRenowned
974	161	-11	TerMur	FireElementalRenowned
949	555	-14	TerMur	TikitaviRenowned
919	502	-12	TerMur	VitaviRenowned
982	491	-12	TerMur	RakktaviRenowned
992	337	9	TerMur	DevourerRenowned
4569	2304	-2	Felucca	dockmaster
4551	2320	-2	Felucca	boatpainter
4547	2321	-2	Felucca	bodysculptor


# Bad spawns : 2/18/2013 12:37:37 AM
# Format: X Y Z F Name

1015	976	-27	TerMur	Vernix
1014	1000	-43	TerMur	Xenrr
1204	1041	-42	TerMur	Jaacar
1189	989	-27	TerMur	Barreraak
1135	1132	-42	TerMur	QuartermasterFlint
1104	1128	-52	TerMur	ElderDugan
1089	1128	-42	TerMur	Gretchen
1150	963	-43	TerMur	NevilleBrightwhistle
1121	1132	-42	TerMur	FiddlingTobin
1128	1165	-12	TerMur	Garamon
839	3086	83	TerMur	FeralTreefellow
762	3073	105	TerMur	FeralTreefellow
917	3088	37	TerMur	FeralTreefellow
887	277	3	TerMur	FairyDragon
887	277	3	TerMur	WyvernRenowned
674	828	-109	TerMur	SkeletalDragonRenowned
684	579	-15	TerMur	AcidElementalRenowned
440	708	24	TerMur	PixieRenowned
601	905	-60	TerMur	FireDaemonRenowned
536	657	8	TerMur	AncientLichRenowned
526	766	-92	TerMur	FireDaemonRenowned
581	815	-45	TerMur	GrayGoblinMageRenowned
581	815	-45	TerMur	GreenGoblinAlchemistRenowned
974	161	-11	TerMur	FireElementalRenowned
949	555	-14	TerMur	TikitaviRenowned
919	502	-12	TerMur	VitaviRenowned
982	491	-12	TerMur	RakktaviRenowned
992	337	9	TerMur	DevourerRenowned
4569	2304	-2	Felucca	dockmaster
4551	2320	-2	Felucca	boatpainter
4547	2321	-2	Felucca	bodysculptor


# Bad spawns : 2/18/2013 12:44:05 AM
# Format: X Y Z F Name

1015	976	-27	TerMur	Vernix
1014	1000	-43	TerMur	Xenrr
1204	1041	-42	TerMur	Jaacar
1189	989	-27	TerMur	Barreraak
1135	1132	-42	TerMur	QuartermasterFlint
1104	1128	-52	TerMur	ElderDugan
1089	1128	-42	TerMur	Gretchen
1150	963	-43	TerMur	NevilleBrightwhistle
1121	1132	-42	TerMur	FiddlingTobin
1128	1165	-12	TerMur	Garamon
839	3086	83	TerMur	FeralTreefellow
762	3073	105	TerMur	FeralTreefellow
917	3088	37	TerMur	FeralTreefellow
887	277	3	TerMur	FairyDragon
887	277	3	TerMur	WyvernRenowned
674	828	-109	TerMur	SkeletalDragonRenowned
684	579	-15	TerMur	AcidElementalRenowned
440	708	24	TerMur	PixieRenowned
601	905	-60	TerMur	FireDaemonRenowned
536	657	8	TerMur	AncientLichRenowned
526	766	-92	TerMur	FireDaemonRenowned
581	815	-45	TerMur	GrayGoblinMageRenowned
581	815	-45	TerMur	GreenGoblinAlchemistRenowned
974	161	-11	TerMur	FireElementalRenowned
949	555	-14	TerMur	TikitaviRenowned
919	502	-12	TerMur	VitaviRenowned
982	491	-12	TerMur	RakktaviRenowned
992	337	9	TerMur	DevourerRenowned
4569	2304	-2	Felucca	dockmaster
4551	2320	-2	Felucca	boatpainter
4547	2321	-2	Felucca	bodysculptor


# Bad spawns : 2/18/2013 12:46:22 AM
# Format: X Y Z F Name

1015	976	-27	TerMur	Vernix
1014	1000	-43	TerMur	Xenrr
1204	1041	-42	TerMur	Jaacar
1189	989	-27	TerMur	Barreraak
1135	1132	-42	TerMur	QuartermasterFlint
1104	1128	-52	TerMur	ElderDugan
1089	1128	-42	TerMur	Gretchen
1150	963	-43	TerMur	NevilleBrightwhistle
1121	1132	-42	TerMur	FiddlingTobin
1128	1165	-12	TerMur	Garamon
839	3086	83	TerMur	FeralTreefellow
762	3073	105	TerMur	FeralTreefellow
917	3088	37	TerMur	FeralTreefellow
887	277	3	TerMur	FairyDragon
887	277	3	TerMur	WyvernRenowned
674	828	-109	TerMur	SkeletalDragonRenowned
684	579	-15	TerMur	AcidElementalRenowned
440	708	24	TerMur	PixieRenowned
601	905	-60	TerMur	FireDaemonRenowned
536	657	8	TerMur	AncientLichRenowned
526	766	-92	TerMur	FireDaemonRenowned
581	815	-45	TerMur	GrayGoblinMageRenowned
581	815	-45	TerMur	GreenGoblinAlchemistRenowned
974	161	-11	TerMur	FireElementalRenowned
949	555	-14	TerMur	TikitaviRenowned
919	502	-12	TerMur	VitaviRenowned
982	491	-12	TerMur	RakktaviRenowned
992	337	9	TerMur	DevourerRenowned
4569	2304	-2	Felucca	dockmaster
4551	2320	-2	Felucca	boatpainter
4547	2321	-2	Felucca	bodysculptor


# Bad spawns : 2/18/2013 12:52:40 AM
# Format: X Y Z F Name

1015	976	-27	TerMur	Vernix
1014	1000	-43	TerMur	Xenrr
1204	1041	-42	TerMur	Jaacar
1189	989	-27	TerMur	Barreraak
1135	1132	-42	TerMur	QuartermasterFlint
1104	1128	-52	TerMur	ElderDugan
1089	1128	-42	TerMur	Gretchen
1150	963	-43	TerMur	NevilleBrightwhistle
1121	1132	-42	TerMur	FiddlingTobin
1128	1165	-12	TerMur	Garamon
839	3086	83	TerMur	FeralTreefellow
762	3073	105	TerMur	FeralTreefellow
917	3088	37	TerMur	FeralTreefellow
887	277	3	TerMur	FairyDragon
887	277	3	TerMur	WyvernRenowned
674	828	-109	TerMur	SkeletalDragonRenowned
684	579	-15	TerMur	AcidElementalRenowned
440	708	24	TerMur	PixieRenowned
601	905	-60	TerMur	FireDaemonRenowned
536	657	8	TerMur	AncientLichRenowned
526	766	-92	TerMur	FireDaemonRenowned
581	815	-45	TerMur	GrayGoblinMageRenowned
581	815	-45	TerMur	GreenGoblinAlchemistRenowned
974	161	-11	TerMur	FireElementalRenowned
949	555	-14	TerMur	TikitaviRenowned
919	502	-12	TerMur	VitaviRenowned
982	491	-12	TerMur	RakktaviRenowned
992	337	9	TerMur	DevourerRenowned
4569	2304	-2	Felucca	dockmaster
4551	2320	-2	Felucca	boatpainter
4547	2321	-2	Felucca	bodysculptor


# Bad spawns : 2/18/2013 10:28:47 AM
# Format: X Y Z F Name

1015	976	-27	TerMur	Vernix
1014	1000	-43	TerMur	Xenrr
1204	1041	-42	TerMur	Jaacar
1189	989	-27	TerMur	Barreraak
1135	1132	-42	TerMur	QuartermasterFlint
1104	1128	-52	TerMur	ElderDugan
1089	1128	-42	TerMur	Gretchen
1150	963	-43	TerMur	NevilleBrightwhistle
1121	1132	-42	TerMur	FiddlingTobin
1128	1165	-12	TerMur	Garamon
839	3086	83	TerMur	FeralTreefellow
762	3073	105	TerMur	FeralTreefellow
917	3088	37	TerMur	FeralTreefellow
887	277	3	TerMur	FairyDragon
887	277	3	TerMur	WyvernRenowned
674	828	-109	TerMur	SkeletalDragonRenowned
684	579	-15	TerMur	AcidElementalRenowned
440	708	24	TerMur	PixieRenowned
601	905	-60	TerMur	FireDaemonRenowned
536	657	8	TerMur	AncientLichRenowned
526	766	-92	TerMur	FireDaemonRenowned
581	815	-45	TerMur	GrayGoblinMageRenowned
581	815	-45	TerMur	GreenGoblinAlchemistRenowned
974	161	-11	TerMur	FireElementalRenowned
949	555	-14	TerMur	TikitaviRenowned
919	502	-12	TerMur	VitaviRenowned
982	491	-12	TerMur	RakktaviRenowned
992	337	9	TerMur	DevourerRenowned
4569	2304	-2	Felucca	dockmaster
4551	2320	-2	Felucca	boatpainter
4547	2321	-2	Felucca	bodysculptor


# Bad spawns : 2/18/2013 12:16:52 PM
# Format: X Y Z F Name

1015	976	-27	TerMur	Vernix
1014	1000	-43	TerMur	Xenrr
1204	1041	-42	TerMur	Jaacar
1189	989	-27	TerMur	Barreraak
1135	1132	-42	TerMur	QuartermasterFlint
1104	1128	-52	TerMur	ElderDugan
1089	1128	-42	TerMur	Gretchen
1150	963	-43	TerMur	NevilleBrightwhistle
1121	1132	-42	TerMur	FiddlingTobin
1128	1165	-12	TerMur	Garamon
839	3086	83	TerMur	FeralTreefellow
762	3073	105	TerMur	FeralTreefellow
917	3088	37	TerMur	FeralTreefellow
887	277	3	TerMur	FairyDragon
887	277	3	TerMur	WyvernRenowned
674	828	-109	TerMur	SkeletalDragonRenowned
684	579	-15	TerMur	AcidElementalRenowned
440	708	24	TerMur	PixieRenowned
601	905	-60	TerMur	FireDaemonRenowned
536	657	8	TerMur	AncientLichRenowned
526	766	-92	TerMur	FireDaemonRenowned
581	815	-45	TerMur	GrayGoblinMageRenowned
581	815	-45	TerMur	GreenGoblinAlchemistRenowned
974	161	-11	TerMur	FireElementalRenowned
949	555	-14	TerMur	TikitaviRenowned
919	502	-12	TerMur	VitaviRenowned
982	491	-12	TerMur	RakktaviRenowned
992	337	9	TerMur	DevourerRenowned
4569	2304	-2	Felucca	dockmaster
4551	2320	-2	Felucca	boatpainter
4547	2321	-2	Felucca	bodysculptor


# Bad spawns : 2/18/2013 12:39:51 PM
# Format: X Y Z F Name

1015	976	-27	TerMur	Vernix
1014	1000	-43	TerMur	Xenrr
1204	1041	-42	TerMur	Jaacar
1189	989	-27	TerMur	Barreraak
1135	1132	-42	TerMur	QuartermasterFlint
1104	1128	-52	TerMur	ElderDugan
1089	1128	-42	TerMur	Gretchen
1150	963	-43	TerMur	NevilleBrightwhistle
1121	1132	-42	TerMur	FiddlingTobin
1128	1165	-12	TerMur	Garamon
839	3086	83	TerMur	FeralTreefellow
762	3073	105	TerMur	FeralTreefellow
917	3088	37	TerMur	FeralTreefellow
887	277	3	TerMur	FairyDragon
887	277	3	TerMur	WyvernRenowned
674	828	-109	TerMur	SkeletalDragonRenowned
684	579	-15	TerMur	AcidElementalRenowned
440	708	24	TerMur	PixieRenowned
601	905	-60	TerMur	FireDaemonRenowned
536	657	8	TerMur	AncientLichRenowned
526	766	-92	TerMur	FireDaemonRenowned
581	815	-45	TerMur	GrayGoblinMageRenowned
581	815	-45	TerMur	GreenGoblinAlchemistRenowned
974	161	-11	TerMur	FireElementalRenowned
949	555	-14	TerMur	TikitaviRenowned
919	502	-12	TerMur	VitaviRenowned
982	491	-12	TerMur	RakktaviRenowned
992	337	9	TerMur	DevourerRenowned
4569	2304	-2	Felucca	dockmaster
4551	2320	-2	Felucca	boatpainter
4547	2321	-2	Felucca	bodysculptor


# Bad spawns : 2/18/2013 5:28:57 PM
# Format: X Y Z F Name

1015	976	-27	TerMur	Vernix
1014	1000	-43	TerMur	Xenrr
1204	1041	-42	TerMur	Jaacar
1189	989	-27	TerMur	Barreraak
1135	1132	-42	TerMur	QuartermasterFlint
1104	1128	-52	TerMur	ElderDugan
1089	1128	-42	TerMur	Gretchen
1150	963	-43	TerMur	NevilleBrightwhistle
1121	1132	-42	TerMur	FiddlingTobin
1128	1165	-12	TerMur	Garamon
839	3086	83	TerMur	FeralTreefellow
762	3073	105	TerMur	FeralTreefellow
917	3088	37	TerMur	FeralTreefellow
887	277	3	TerMur	FairyDragon
887	277	3	TerMur	WyvernRenowned
674	828	-109	TerMur	SkeletalDragonRenowned
684	579	-15	TerMur	AcidElementalRenowned
440	708	24	TerMur	PixieRenowned
601	905	-60	TerMur	FireDaemonRenowned
536	657	8	TerMur	AncientLichRenowned
526	766	-92	TerMur	FireDaemonRenowned
581	815	-45	TerMur	GrayGoblinMageRenowned
581	815	-45	TerMur	GreenGoblinAlchemistRenowned
974	161	-11	TerMur	FireElementalRenowned
949	555	-14	TerMur	TikitaviRenowned
919	502	-12	TerMur	VitaviRenowned
982	491	-12	TerMur	RakktaviRenowned
992	337	9	TerMur	DevourerRenowned
4569	2304	-2	Felucca	dockmaster
4551	2320	-2	Felucca	boatpainter
4547	2321	-2	Felucca	bodysculptor


# Bad spawns : 2/18/2013 5:33:25 PM
# Format: X Y Z F Name

1015	976	-27	TerMur	Vernix
1014	1000	-43	TerMur	Xenrr
1204	1041	-42	TerMur	Jaacar
1189	989	-27	TerMur	Barreraak
1135	1132	-42	TerMur	QuartermasterFlint
1104	1128	-52	TerMur	ElderDugan
1089	1128	-42	TerMur	Gretchen
1150	963	-43	TerMur	NevilleBrightwhistle
1121	1132	-42	TerMur	FiddlingTobin
1128	1165	-12	TerMur	Garamon
839	3086	83	TerMur	FeralTreefellow
762	3073	105	TerMur	FeralTreefellow
917	3088	37	TerMur	FeralTreefellow
887	277	3	TerMur	FairyDragon
887	277	3	TerMur	WyvernRenowned
674	828	-109	TerMur	SkeletalDragonRenowned
684	579	-15	TerMur	AcidElementalRenowned
440	708	24	TerMur	PixieRenowned
601	905	-60	TerMur	FireDaemonRenowned
536	657	8	TerMur	AncientLichRenowned
526	766	-92	TerMur	FireDaemonRenowned
581	815	-45	TerMur	GrayGoblinMageRenowned
581	815	-45	TerMur	GreenGoblinAlchemistRenowned
974	161	-11	TerMur	FireElementalRenowned
949	555	-14	TerMur	TikitaviRenowned
919	502	-12	TerMur	VitaviRenowned
982	491	-12	TerMur	RakktaviRenowned
992	337	9	TerMur	DevourerRenowned
4569	2304	-2	Felucca	dockmaster
4551	2320	-2	Felucca	boatpainter
4547	2321	-2	Felucca	bodysculptor


# Bad spawns : 2/19/2013 10:37:49 AM
# Format: X Y Z F Name

1015	976	-27	TerMur	Vernix
1014	1000	-43	TerMur	Xenrr
1204	1041	-42	TerMur	Jaacar
1189	989	-27	TerMur	Barreraak
1135	1132	-42	TerMur	QuartermasterFlint
1104	1128	-52	TerMur	ElderDugan
1089	1128	-42	TerMur	Gretchen
1150	963	-43	TerMur	NevilleBrightwhistle
1121	1132	-42	TerMur	FiddlingTobin
1128	1165	-12	TerMur	Garamon
839	3086	83	TerMur	FeralTreefellow
762	3073	105	TerMur	FeralTreefellow
917	3088	37	TerMur	FeralTreefellow
887	277	3	TerMur	FairyDragon
887	277	3	TerMur	WyvernRenowned
674	828	-109	TerMur	SkeletalDragonRenowned
684	579	-15	TerMur	AcidElementalRenowned
440	708	24	TerMur	PixieRenowned
601	905	-60	TerMur	FireDaemonRenowned
536	657	8	TerMur	AncientLichRenowned
526	766	-92	TerMur	FireDaemonRenowned
581	815	-45	TerMur	GrayGoblinMageRenowned
581	815	-45	TerMur	GreenGoblinAlchemistRenowned
974	161	-11	TerMur	FireElementalRenowned
949	555	-14	TerMur	TikitaviRenowned
919	502	-12	TerMur	VitaviRenowned
982	491	-12	TerMur	RakktaviRenowned
992	337	9	TerMur	DevourerRenowned
4569	2304	-2	Felucca	dockmaster
4551	2320	-2	Felucca	boatpainter
4547	2321	-2	Felucca	bodysculptor


# Bad spawns : 2/19/2013 1:36:24 PM
# Format: X Y Z F Name

1015	976	-27	TerMur	Vernix
1014	1000	-43	TerMur	Xenrr
1204	1041	-42	TerMur	Jaacar
1189	989	-27	TerMur	Barreraak
1135	1132	-42	TerMur	QuartermasterFlint
1104	1128	-52	TerMur	ElderDugan
1089	1128	-42	TerMur	Gretchen
1150	963	-43	TerMur	NevilleBrightwhistle
1121	1132	-42	TerMur	FiddlingTobin
1128	1165	-12	TerMur	Garamon
839	3086	83	TerMur	FeralTreefellow
762	3073	105	TerMur	FeralTreefellow
917	3088	37	TerMur	FeralTreefellow
887	277	3	TerMur	FairyDragon
887	277	3	TerMur	WyvernRenowned
674	828	-109	TerMur	SkeletalDragonRenowned
684	579	-15	TerMur	AcidElementalRenowned
440	708	24	TerMur	PixieRenowned
601	905	-60	TerMur	FireDaemonRenowned
536	657	8	TerMur	AncientLichRenowned
526	766	-92	TerMur	FireDaemonRenowned
581	815	-45	TerMur	GrayGoblinMageRenowned
581	815	-45	TerMur	GreenGoblinAlchemistRenowned
974	161	-11	TerMur	FireElementalRenowned
949	555	-14	TerMur	TikitaviRenowned
919	502	-12	TerMur	VitaviRenowned
982	491	-12	TerMur	RakktaviRenowned
992	337	9	TerMur	DevourerRenowned
4569	2304	-2	Felucca	dockmaster
4551	2320	-2	Felucca	boatpainter
4547	2321	-2	Felucca	bodysculptor


# Bad spawns : 2/19/2013 2:10:14 PM
# Format: X Y Z F Name

1015	976	-27	TerMur	Vernix
1014	1000	-43	TerMur	Xenrr
1204	1041	-42	TerMur	Jaacar
1189	989	-27	TerMur	Barreraak
1135	1132	-42	TerMur	QuartermasterFlint
1104	1128	-52	TerMur	ElderDugan
1089	1128	-42	TerMur	Gretchen
1150	963	-43	TerMur	NevilleBrightwhistle
1121	1132	-42	TerMur	FiddlingTobin
1128	1165	-12	TerMur	Garamon
839	3086	83	TerMur	FeralTreefellow
762	3073	105	TerMur	FeralTreefellow
917	3088	37	TerMur	FeralTreefellow
887	277	3	TerMur	FairyDragon
887	277	3	TerMur	WyvernRenowned
674	828	-109	TerMur	SkeletalDragonRenowned
684	579	-15	TerMur	AcidElementalRenowned
440	708	24	TerMur	PixieRenowned
601	905	-60	TerMur	FireDaemonRenowned
536	657	8	TerMur	AncientLichRenowned
526	766	-92	TerMur	FireDaemonRenowned
581	815	-45	TerMur	GrayGoblinMageRenowned
581	815	-45	TerMur	GreenGoblinAlchemistRenowned
974	161	-11	TerMur	FireElementalRenowned
949	555	-14	TerMur	TikitaviRenowned
919	502	-12	TerMur	VitaviRenowned
982	491	-12	TerMur	RakktaviRenowned
992	337	9	TerMur	DevourerRenowned
4569	2304	-2	Felucca	dockmaster
4551	2320	-2	Felucca	boatpainter
4547	2321	-2	Felucca	bodysculptor


# Bad spawns : 2/21/2013 12:43:47 PM
# Format: X Y Z F Name

1015	976	-27	TerMur	Vernix
1014	1000	-43	TerMur	Xenrr
1204	1041	-42	TerMur	Jaacar
1189	989	-27	TerMur	Barreraak
1135	1132	-42	TerMur	QuartermasterFlint
1104	1128	-52	TerMur	ElderDugan
1089	1128	-42	TerMur	Gretchen
1150	963	-43	TerMur	NevilleBrightwhistle
1121	1132	-42	TerMur	FiddlingTobin
1128	1165	-12	TerMur	Garamon
839	3086	83	TerMur	FeralTreefellow
762	3073	105	TerMur	FeralTreefellow
917	3088	37	TerMur	FeralTreefellow
887	277	3	TerMur	FairyDragon
887	277	3	TerMur	WyvernRenowned
674	828	-109	TerMur	SkeletalDragonRenowned
684	579	-15	TerMur	AcidElementalRenowned
440	708	24	TerMur	PixieRenowned
601	905	-60	TerMur	FireDaemonRenowned
536	657	8	TerMur	AncientLichRenowned
526	766	-92	TerMur	FireDaemonRenowned
581	815	-45	TerMur	GrayGoblinMageRenowned
581	815	-45	TerMur	GreenGoblinAlchemistRenowned
974	161	-11	TerMur	FireElementalRenowned
949	555	-14	TerMur	TikitaviRenowned
919	502	-12	TerMur	VitaviRenowned
982	491	-12	TerMur	RakktaviRenowned
992	337	9	TerMur	DevourerRenowned
4569	2304	-2	Felucca	dockmaster
4551	2320	-2	Felucca	boatpainter
4547	2321	-2	Felucca	bodysculptor


# Bad spawns : 2/22/2013 1:34:31 PM
# Format: X Y Z F Name

1015	976	-27	TerMur	Vernix
1014	1000	-43	TerMur	Xenrr
1204	1041	-42	TerMur	Jaacar
1189	989	-27	TerMur	Barreraak
1135	1132	-42	TerMur	QuartermasterFlint
1104	1128	-52	TerMur	ElderDugan
1089	1128	-42	TerMur	Gretchen
1150	963	-43	TerMur	NevilleBrightwhistle
1121	1132	-42	TerMur	FiddlingTobin
1128	1165	-12	TerMur	Garamon
839	3086	83	TerMur	FeralTreefellow
762	3073	105	TerMur	FeralTreefellow
917	3088	37	TerMur	FeralTreefellow
887	277	3	TerMur	FairyDragon
887	277	3	TerMur	WyvernRenowned
674	828	-109	TerMur	SkeletalDragonRenowned
684	579	-15	TerMur	AcidElementalRenowned
440	708	24	TerMur	PixieRenowned
601	905	-60	TerMur	FireDaemonRenowned
536	657	8	TerMur	AncientLichRenowned
526	766	-92	TerMur	FireDaemonRenowned
581	815	-45	TerMur	GrayGoblinMageRenowned
581	815	-45	TerMur	GreenGoblinAlchemistRenowned
974	161	-11	TerMur	FireElementalRenowned
949	555	-14	TerMur	TikitaviRenowned
919	502	-12	TerMur	VitaviRenowned
982	491	-12	TerMur	RakktaviRenowned
992	337	9	TerMur	DevourerRenowned
4569	2304	-2	Felucca	dockmaster
4551	2320	-2	Felucca	boatpainter
4547	2321	-2	Felucca	bodysculptor


# Bad spawns : 2/22/2013 1:59:28 PM
# Format: X Y Z F Name

1015	976	-27	TerMur	Vernix
1014	1000	-43	TerMur	Xenrr
1204	1041	-42	TerMur	Jaacar
1189	989	-27	TerMur	Barreraak
1135	1132	-42	TerMur	QuartermasterFlint
1104	1128	-52	TerMur	ElderDugan
1089	1128	-42	TerMur	Gretchen
1150	963	-43	TerMur	NevilleBrightwhistle
1121	1132	-42	TerMur	FiddlingTobin
1128	1165	-12	TerMur	Garamon
839	3086	83	TerMur	FeralTreefellow
762	3073	105	TerMur	FeralTreefellow
917	3088	37	TerMur	FeralTreefellow
887	277	3	TerMur	FairyDragon
887	277	3	TerMur	WyvernRenowned
674	828	-109	TerMur	SkeletalDragonRenowned
684	579	-15	TerMur	AcidElementalRenowned
440	708	24	TerMur	PixieRenowned
601	905	-60	TerMur	FireDaemonRenowned
536	657	8	TerMur	AncientLichRenowned
526	766	-92	TerMur	FireDaemonRenowned
581	815	-45	TerMur	GrayGoblinMageRenowned
581	815	-45	TerMur	GreenGoblinAlchemistRenowned
974	161	-11	TerMur	FireElementalRenowned
949	555	-14	TerMur	TikitaviRenowned
919	502	-12	TerMur	VitaviRenowned
982	491	-12	TerMur	RakktaviRenowned
992	337	9	TerMur	DevourerRenowned
4569	2304	-2	Felucca	dockmaster
4551	2320	-2	Felucca	boatpainter
4547	2321	-2	Felucca	bodysculptor


# Bad spawns : 2/22/2013 2:49:54 PM
# Format: X Y Z F Name

1015	976	-27	TerMur	Vernix
1014	1000	-43	TerMur	Xenrr
1204	1041	-42	TerMur	Jaacar
1189	989	-27	TerMur	Barreraak
1135	1132	-42	TerMur	QuartermasterFlint
1104	1128	-52	TerMur	ElderDugan
1089	1128	-42	TerMur	Gretchen
1150	963	-43	TerMur	NevilleBrightwhistle
1121	1132	-42	TerMur	FiddlingTobin
1128	1165	-12	TerMur	Garamon
839	3086	83	TerMur	FeralTreefellow
762	3073	105	TerMur	FeralTreefellow
917	3088	37	TerMur	FeralTreefellow
887	277	3	TerMur	FairyDragon
887	277	3	TerMur	WyvernRenowned
674	828	-109	TerMur	SkeletalDragonRenowned
684	579	-15	TerMur	AcidElementalRenowned
440	708	24	TerMur	PixieRenowned
601	905	-60	TerMur	FireDaemonRenowned
536	657	8	TerMur	AncientLichRenowned
526	766	-92	TerMur	FireDaemonRenowned
581	815	-45	TerMur	GrayGoblinMageRenowned
581	815	-45	TerMur	GreenGoblinAlchemistRenowned
974	161	-11	TerMur	FireElementalRenowned
949	555	-14	TerMur	TikitaviRenowned
919	502	-12	TerMur	VitaviRenowned
982	491	-12	TerMur	RakktaviRenowned
992	337	9	TerMur	DevourerRenowned
4569	2304	-2	Felucca	dockmaster
4551	2320	-2	Felucca	boatpainter
4547	2321	-2	Felucca	bodysculptor


# Bad spawns : 2/22/2013 4:26:38 PM
# Format: X Y Z F Name

1015	976	-27	TerMur	Vernix
1014	1000	-43	TerMur	Xenrr
1204	1041	-42	TerMur	Jaacar
1189	989	-27	TerMur	Barreraak
1135	1132	-42	TerMur	QuartermasterFlint
1104	1128	-52	TerMur	ElderDugan
1089	1128	-42	TerMur	Gretchen
1150	963	-43	TerMur	NevilleBrightwhistle
1121	1132	-42	TerMur	FiddlingTobin
1128	1165	-12	TerMur	Garamon
839	3086	83	TerMur	FeralTreefellow
762	3073	105	TerMur	FeralTreefellow
917	3088	37	TerMur	FeralTreefellow
887	277	3	TerMur	FairyDragon
887	277	3	TerMur	WyvernRenowned
674	828	-109	TerMur	SkeletalDragonRenowned
684	579	-15	TerMur	AcidElementalRenowned
440	708	24	TerMur	PixieRenowned
601	905	-60	TerMur	FireDaemonRenowned
536	657	8	TerMur	AncientLichRenowned
526	766	-92	TerMur	FireDaemonRenowned
581	815	-45	TerMur	GrayGoblinMageRenowned
581	815	-45	TerMur	GreenGoblinAlchemistRenowned
974	161	-11	TerMur	FireElementalRenowned
949	555	-14	TerMur	TikitaviRenowned
919	502	-12	TerMur	VitaviRenowned
982	491	-12	TerMur	RakktaviRenowned
992	337	9	TerMur	DevourerRenowned
4569	2304	-2	Felucca	dockmaster
4551	2320	-2	Felucca	boatpainter
4547	2321	-2	Felucca	bodysculptor


# Bad spawns : 2/22/2013 4:47:15 PM
# Format: X Y Z F Name

1015	976	-27	TerMur	Vernix
1014	1000	-43	TerMur	Xenrr
1204	1041	-42	TerMur	Jaacar
1189	989	-27	TerMur	Barreraak
1135	1132	-42	TerMur	QuartermasterFlint
1104	1128	-52	TerMur	ElderDugan
1089	1128	-42	TerMur	Gretchen
1150	963	-43	TerMur	NevilleBrightwhistle
1121	1132	-42	TerMur	FiddlingTobin
1128	1165	-12	TerMur	Garamon
839	3086	83	TerMur	FeralTreefellow
762	3073	105	TerMur	FeralTreefellow
917	3088	37	TerMur	FeralTreefellow
887	277	3	TerMur	FairyDragon
887	277	3	TerMur	WyvernRenowned
674	828	-109	TerMur	SkeletalDragonRenowned
684	579	-15	TerMur	AcidElementalRenowned
440	708	24	TerMur	PixieRenowned
601	905	-60	TerMur	FireDaemonRenowned
536	657	8	TerMur	AncientLichRenowned
526	766	-92	TerMur	FireDaemonRenowned
581	815	-45	TerMur	GrayGoblinMageRenowned
581	815	-45	TerMur	GreenGoblinAlchemistRenowned
974	161	-11	TerMur	FireElementalRenowned
949	555	-14	TerMur	TikitaviRenowned
919	502	-12	TerMur	VitaviRenowned
982	491	-12	TerMur	RakktaviRenowned
992	337	9	TerMur	DevourerRenowned
4569	2304	-2	Felucca	dockmaster
4551	2320	-2	Felucca	boatpainter
4547	2321	-2	Felucca	bodysculptor


# Bad spawns : 2/22/2013 5:08:41 PM
# Format: X Y Z F Name

1015	976	-27	TerMur	Vernix
1014	1000	-43	TerMur	Xenrr
1204	1041	-42	TerMur	Jaacar
1189	989	-27	TerMur	Barreraak
1135	1132	-42	TerMur	QuartermasterFlint
1104	1128	-52	TerMur	ElderDugan
1089	1128	-42	TerMur	Gretchen
1150	963	-43	TerMur	NevilleBrightwhistle
1121	1132	-42	TerMur	FiddlingTobin
1128	1165	-12	TerMur	Garamon
839	3086	83	TerMur	FeralTreefellow
762	3073	105	TerMur	FeralTreefellow
917	3088	37	TerMur	FeralTreefellow
887	277	3	TerMur	FairyDragon
887	277	3	TerMur	WyvernRenowned
674	828	-109	TerMur	SkeletalDragonRenowned
684	579	-15	TerMur	AcidElementalRenowned
440	708	24	TerMur	PixieRenowned
601	905	-60	TerMur	FireDaemonRenowned
536	657	8	TerMur	AncientLichRenowned
526	766	-92	TerMur	FireDaemonRenowned
581	815	-45	TerMur	GrayGoblinMageRenowned
581	815	-45	TerMur	GreenGoblinAlchemistRenowned
974	161	-11	TerMur	FireElementalRenowned
949	555	-14	TerMur	TikitaviRenowned
919	502	-12	TerMur	VitaviRenowned
982	491	-12	TerMur	RakktaviRenowned
992	337	9	TerMur	DevourerRenowned
4569	2304	-2	Felucca	dockmaster
4551	2320	-2	Felucca	boatpainter
4547	2321	-2	Felucca	bodysculptor


# Bad spawns : 2/22/2013 5:47:11 PM
# Format: X Y Z F Name

1015	976	-27	TerMur	Vernix
1014	1000	-43	TerMur	Xenrr
1204	1041	-42	TerMur	Jaacar
1189	989	-27	TerMur	Barreraak
1135	1132	-42	TerMur	QuartermasterFlint
1104	1128	-52	TerMur	ElderDugan
1089	1128	-42	TerMur	Gretchen
1150	963	-43	TerMur	NevilleBrightwhistle
1121	1132	-42	TerMur	FiddlingTobin
1128	1165	-12	TerMur	Garamon
839	3086	83	TerMur	FeralTreefellow
762	3073	105	TerMur	FeralTreefellow
917	3088	37	TerMur	FeralTreefellow
887	277	3	TerMur	FairyDragon
887	277	3	TerMur	WyvernRenowned
674	828	-109	TerMur	SkeletalDragonRenowned
684	579	-15	TerMur	AcidElementalRenowned
440	708	24	TerMur	PixieRenowned
601	905	-60	TerMur	FireDaemonRenowned
536	657	8	TerMur	AncientLichRenowned
526	766	-92	TerMur	FireDaemonRenowned
581	815	-45	TerMur	GrayGoblinMageRenowned
581	815	-45	TerMur	GreenGoblinAlchemistRenowned
974	161	-11	TerMur	FireElementalRenowned
949	555	-14	TerMur	TikitaviRenowned
919	502	-12	TerMur	VitaviRenowned
982	491	-12	TerMur	RakktaviRenowned
992	337	9	TerMur	DevourerRenowned
4569	2304	-2	Felucca	dockmaster
4551	2320	-2	Felucca	boatpainter
4547	2321	-2	Felucca	bodysculptor


# Bad spawns : 2/22/2013 6:03:42 PM
# Format: X Y Z F Name

1015	976	-27	TerMur	Vernix
1014	1000	-43	TerMur	Xenrr
1204	1041	-42	TerMur	Jaacar
1189	989	-27	TerMur	Barreraak
1135	1132	-42	TerMur	QuartermasterFlint
1104	1128	-52	TerMur	ElderDugan
1089	1128	-42	TerMur	Gretchen
1150	963	-43	TerMur	NevilleBrightwhistle
1121	1132	-42	TerMur	FiddlingTobin
1128	1165	-12	TerMur	Garamon
839	3086	83	TerMur	FeralTreefellow
762	3073	105	TerMur	FeralTreefellow
917	3088	37	TerMur	FeralTreefellow
887	277	3	TerMur	FairyDragon
887	277	3	TerMur	WyvernRenowned
674	828	-109	TerMur	SkeletalDragonRenowned
684	579	-15	TerMur	AcidElementalRenowned
440	708	24	TerMur	PixieRenowned
601	905	-60	TerMur	FireDaemonRenowned
536	657	8	TerMur	AncientLichRenowned
526	766	-92	TerMur	FireDaemonRenowned
581	815	-45	TerMur	GrayGoblinMageRenowned
581	815	-45	TerMur	GreenGoblinAlchemistRenowned
974	161	-11	TerMur	FireElementalRenowned
949	555	-14	TerMur	TikitaviRenowned
919	502	-12	TerMur	VitaviRenowned
982	491	-12	TerMur	RakktaviRenowned
992	337	9	TerMur	DevourerRenowned
4569	2304	-2	Felucca	dockmaster
4551	2320	-2	Felucca	boatpainter
4547	2321	-2	Felucca	bodysculptor


# Bad spawns : 2/22/2013 6:27:12 PM
# Format: X Y Z F Name

1015	976	-27	TerMur	Vernix
1014	1000	-43	TerMur	Xenrr
1204	1041	-42	TerMur	Jaacar
1189	989	-27	TerMur	Barreraak
1135	1132	-42	TerMur	QuartermasterFlint
1104	1128	-52	TerMur	ElderDugan
1089	1128	-42	TerMur	Gretchen
1150	963	-43	TerMur	NevilleBrightwhistle
1121	1132	-42	TerMur	FiddlingTobin
1128	1165	-12	TerMur	Garamon
839	3086	83	TerMur	FeralTreefellow
762	3073	105	TerMur	FeralTreefellow
917	3088	37	TerMur	FeralTreefellow
887	277	3	TerMur	FairyDragon
887	277	3	TerMur	WyvernRenowned
674	828	-109	TerMur	SkeletalDragonRenowned
684	579	-15	TerMur	AcidElementalRenowned
440	708	24	TerMur	PixieRenowned
601	905	-60	TerMur	FireDaemonRenowned
536	657	8	TerMur	AncientLichRenowned
526	766	-92	TerMur	FireDaemonRenowned
581	815	-45	TerMur	GrayGoblinMageRenowned
581	815	-45	TerMur	GreenGoblinAlchemistRenowned
974	161	-11	TerMur	FireElementalRenowned
949	555	-14	TerMur	TikitaviRenowned
919	502	-12	TerMur	VitaviRenowned
982	491	-12	TerMur	RakktaviRenowned
992	337	9	TerMur	DevourerRenowned
4569	2304	-2	Felucca	dockmaster
4551	2320	-2	Felucca	boatpainter
4547	2321	-2	Felucca	bodysculptor


# Bad spawns : 2/22/2013 6:43:56 PM
# Format: X Y Z F Name

1015	976	-27	TerMur	Vernix
1014	1000	-43	TerMur	Xenrr
1204	1041	-42	TerMur	Jaacar
1189	989	-27	TerMur	Barreraak
1135	1132	-42	TerMur	QuartermasterFlint
1104	1128	-52	TerMur	ElderDugan
1089	1128	-42	TerMur	Gretchen
1150	963	-43	TerMur	NevilleBrightwhistle
1121	1132	-42	TerMur	FiddlingTobin
1128	1165	-12	TerMur	Garamon
839	3086	83	TerMur	FeralTreefellow
762	3073	105	TerMur	FeralTreefellow
917	3088	37	TerMur	FeralTreefellow
887	277	3	TerMur	FairyDragon
887	277	3	TerMur	WyvernRenowned
674	828	-109	TerMur	SkeletalDragonRenowned
684	579	-15	TerMur	AcidElementalRenowned
440	708	24	TerMur	PixieRenowned
601	905	-60	TerMur	FireDaemonRenowned
536	657	8	TerMur	AncientLichRenowned
526	766	-92	TerMur	FireDaemonRenowned
581	815	-45	TerMur	GrayGoblinMageRenowned
581	815	-45	TerMur	GreenGoblinAlchemistRenowned
974	161	-11	TerMur	FireElementalRenowned
949	555	-14	TerMur	TikitaviRenowned
919	502	-12	TerMur	VitaviRenowned
982	491	-12	TerMur	RakktaviRenowned
992	337	9	TerMur	DevourerRenowned
4569	2304	-2	Felucca	dockmaster
4551	2320	-2	Felucca	boatpainter
4547	2321	-2	Felucca	bodysculptor


# Bad spawns : 2/22/2013 7:00:12 PM
# Format: X Y Z F Name

1015	976	-27	TerMur	Vernix
1014	1000	-43	TerMur	Xenrr
1204	1041	-42	TerMur	Jaacar
1189	989	-27	TerMur	Barreraak
1135	1132	-42	TerMur	QuartermasterFlint
1104	1128	-52	TerMur	ElderDugan
1089	1128	-42	TerMur	Gretchen
1150	963	-43	TerMur	NevilleBrightwhistle
1121	1132	-42	TerMur	FiddlingTobin
1128	1165	-12	TerMur	Garamon
839	3086	83	TerMur	FeralTreefellow
762	3073	105	TerMur	FeralTreefellow
917	3088	37	TerMur	FeralTreefellow
887	277	3	TerMur	FairyDragon
887	277	3	TerMur	WyvernRenowned
674	828	-109	TerMur	SkeletalDragonRenowned
684	579	-15	TerMur	AcidElementalRenowned
440	708	24	TerMur	PixieRenowned
601	905	-60	TerMur	FireDaemonRenowned
536	657	8	TerMur	AncientLichRenowned
526	766	-92	TerMur	FireDaemonRenowned
581	815	-45	TerMur	GrayGoblinMageRenowned
581	815	-45	TerMur	GreenGoblinAlchemistRenowned
974	161	-11	TerMur	FireElementalRenowned
949	555	-14	TerMur	TikitaviRenowned
919	502	-12	TerMur	VitaviRenowned
982	491	-12	TerMur	RakktaviRenowned
992	337	9	TerMur	DevourerRenowned
4569	2304	-2	Felucca	dockmaster
4551	2320	-2	Felucca	boatpainter
4547	2321	-2	Felucca	bodysculptor


# Bad spawns : 2/22/2013 8:24:20 PM
# Format: X Y Z F Name

1015	976	-27	TerMur	Vernix
1014	1000	-43	TerMur	Xenrr
1204	1041	-42	TerMur	Jaacar
1189	989	-27	TerMur	Barreraak
1135	1132	-42	TerMur	QuartermasterFlint
1104	1128	-52	TerMur	ElderDugan
1089	1128	-42	TerMur	Gretchen
1150	963	-43	TerMur	NevilleBrightwhistle
1121	1132	-42	TerMur	FiddlingTobin
1128	1165	-12	TerMur	Garamon
839	3086	83	TerMur	FeralTreefellow
762	3073	105	TerMur	FeralTreefellow
917	3088	37	TerMur	FeralTreefellow
887	277	3	TerMur	FairyDragon
887	277	3	TerMur	WyvernRenowned
674	828	-109	TerMur	SkeletalDragonRenowned
684	579	-15	TerMur	AcidElementalRenowned
440	708	24	TerMur	PixieRenowned
601	905	-60	TerMur	FireDaemonRenowned
536	657	8	TerMur	AncientLichRenowned
526	766	-92	TerMur	FireDaemonRenowned
581	815	-45	TerMur	GrayGoblinMageRenowned
581	815	-45	TerMur	GreenGoblinAlchemistRenowned
974	161	-11	TerMur	FireElementalRenowned
949	555	-14	TerMur	TikitaviRenowned
919	502	-12	TerMur	VitaviRenowned
982	491	-12	TerMur	RakktaviRenowned
992	337	9	TerMur	DevourerRenowned
4569	2304	-2	Felucca	dockmaster
4551	2320	-2	Felucca	boatpainter
4547	2321	-2	Felucca	bodysculptor


# Bad spawns : 2/22/2013 8:34:10 PM
# Format: X Y Z F Name

1015	976	-27	TerMur	Vernix
1014	1000	-43	TerMur	Xenrr
1204	1041	-42	TerMur	Jaacar
1189	989	-27	TerMur	Barreraak
1135	1132	-42	TerMur	QuartermasterFlint
1104	1128	-52	TerMur	ElderDugan
1089	1128	-42	TerMur	Gretchen
1150	963	-43	TerMur	NevilleBrightwhistle
1121	1132	-42	TerMur	FiddlingTobin
1128	1165	-12	TerMur	Garamon
839	3086	83	TerMur	FeralTreefellow
762	3073	105	TerMur	FeralTreefellow
917	3088	37	TerMur	FeralTreefellow
887	277	3	TerMur	FairyDragon
887	277	3	TerMur	WyvernRenowned
674	828	-109	TerMur	SkeletalDragonRenowned
684	579	-15	TerMur	AcidElementalRenowned
440	708	24	TerMur	PixieRenowned
601	905	-60	TerMur	FireDaemonRenowned
536	657	8	TerMur	AncientLichRenowned
526	766	-92	TerMur	FireDaemonRenowned
581	815	-45	TerMur	GrayGoblinMageRenowned
581	815	-45	TerMur	GreenGoblinAlchemistRenowned
974	161	-11	TerMur	FireElementalRenowned
949	555	-14	TerMur	TikitaviRenowned
919	502	-12	TerMur	VitaviRenowned
982	491	-12	TerMur	RakktaviRenowned
992	337	9	TerMur	DevourerRenowned
4569	2304	-2	Felucca	dockmaster
4551	2320	-2	Felucca	boatpainter
4547	2321	-2	Felucca	bodysculptor


# Bad spawns : 2/22/2013 8:35:48 PM
# Format: X Y Z F Name

1015	976	-27	TerMur	Vernix
1014	1000	-43	TerMur	Xenrr
1204	1041	-42	TerMur	Jaacar
1189	989	-27	TerMur	Barreraak
1135	1132	-42	TerMur	QuartermasterFlint
1104	1128	-52	TerMur	ElderDugan
1089	1128	-42	TerMur	Gretchen
1150	963	-43	TerMur	NevilleBrightwhistle
1121	1132	-42	TerMur	FiddlingTobin
1128	1165	-12	TerMur	Garamon
839	3086	83	TerMur	FeralTreefellow
762	3073	105	TerMur	FeralTreefellow
917	3088	37	TerMur	FeralTreefellow
887	277	3	TerMur	FairyDragon
887	277	3	TerMur	WyvernRenowned
674	828	-109	TerMur	SkeletalDragonRenowned
684	579	-15	TerMur	AcidElementalRenowned
440	708	24	TerMur	PixieRenowned
601	905	-60	TerMur	FireDaemonRenowned
536	657	8	TerMur	AncientLichRenowned
526	766	-92	TerMur	FireDaemonRenowned
581	815	-45	TerMur	GrayGoblinMageRenowned
581	815	-45	TerMur	GreenGoblinAlchemistRenowned
974	161	-11	TerMur	FireElementalRenowned
949	555	-14	TerMur	TikitaviRenowned
919	502	-12	TerMur	VitaviRenowned
982	491	-12	TerMur	RakktaviRenowned
992	337	9	TerMur	DevourerRenowned
4569	2304	-2	Felucca	dockmaster
4551	2320	-2	Felucca	boatpainter
4547	2321	-2	Felucca	bodysculptor


# Bad spawns : 2/22/2013 8:43:35 PM
# Format: X Y Z F Name

1015	976	-27	TerMur	Vernix
1014	1000	-43	TerMur	Xenrr
1204	1041	-42	TerMur	Jaacar
1189	989	-27	TerMur	Barreraak
1135	1132	-42	TerMur	QuartermasterFlint
1104	1128	-52	TerMur	ElderDugan
1089	1128	-42	TerMur	Gretchen
1150	963	-43	TerMur	NevilleBrightwhistle
1121	1132	-42	TerMur	FiddlingTobin
1128	1165	-12	TerMur	Garamon
839	3086	83	TerMur	FeralTreefellow
762	3073	105	TerMur	FeralTreefellow
917	3088	37	TerMur	FeralTreefellow
887	277	3	TerMur	FairyDragon
887	277	3	TerMur	WyvernRenowned
674	828	-109	TerMur	SkeletalDragonRenowned
684	579	-15	TerMur	AcidElementalRenowned
440	708	24	TerMur	PixieRenowned
601	905	-60	TerMur	FireDaemonRenowned
536	657	8	TerMur	AncientLichRenowned
526	766	-92	TerMur	FireDaemonRenowned
581	815	-45	TerMur	GrayGoblinMageRenowned
581	815	-45	TerMur	GreenGoblinAlchemistRenowned
974	161	-11	TerMur	FireElementalRenowned
949	555	-14	TerMur	TikitaviRenowned
919	502	-12	TerMur	VitaviRenowned
982	491	-12	TerMur	RakktaviRenowned
992	337	9	TerMur	DevourerRenowned
4569	2304	-2	Felucca	dockmaster
4551	2320	-2	Felucca	boatpainter
4547	2321	-2	Felucca	bodysculptor


